Determining if the pthread_create exist failed with the following output:
Change Dir: /home/alice/CLionProjects/IrrationalBackend/Build/CMakeFiles/CMakeTmp

Run Build Command:"/usr/bin/make" "cmTC_16972/fast"
/usr/bin/make -f CMakeFiles/cmTC_16972.dir/build.make CMakeFiles/cmTC_16972.dir/build
make[1]: Entering directory '/home/alice/CLionProjects/IrrationalBackend/Build/CMakeFiles/CMakeTmp'
Building C object CMakeFiles/cmTC_16972.dir/CheckSymbolExists.c.o
/usr/bin/cc    -o CMakeFiles/cmTC_16972.dir/CheckSymbolExists.c.o   -c /home/alice/CLionProjects/IrrationalBackend/Build/CMakeFiles/CMakeTmp/CheckSymbolExists.c
Linking C executable cmTC_16972
/usr/bin/cmake -E cmake_link_script CMakeFiles/cmTC_16972.dir/link.txt --verbose=1
/usr/bin/cc      CMakeFiles/cmTC_16972.dir/CheckSymbolExists.c.o  -o cmTC_16972 
/usr/bin/ld: CMakeFiles/cmTC_16972.dir/CheckSymbolExists.c.o: in function `main':
CheckSymbolExists.c:(.text+0x1f): undefined reference to `pthread_create'
collect2: error: ld returned 1 exit status
make[1]: *** [CMakeFiles/cmTC_16972.dir/build.make:87: cmTC_16972] Error 1
make[1]: Leaving directory '/home/alice/CLionProjects/IrrationalBackend/Build/CMakeFiles/CMakeTmp'
make: *** [Makefile:121: cmTC_16972/fast] Error 2

File /home/alice/CLionProjects/IrrationalBackend/Build/CMakeFiles/CMakeTmp/CheckSymbolExists.c:
/* */
#include <pthread.h>

int main(int argc, char** argv)
{
  (void)argv;
#ifndef pthread_create
  return ((int*)(&pthread_create))[argc];
#else
  (void)argc;
  return 0;
#endif
}

Determining if the function pthread_create exists in the pthreads failed with the following output:
Change Dir: /home/alice/CLionProjects/IrrationalBackend/Build/CMakeFiles/CMakeTmp

Run Build Command:"/usr/bin/make" "cmTC_19e48/fast"
/usr/bin/make -f CMakeFiles/cmTC_19e48.dir/build.make CMakeFiles/cmTC_19e48.dir/build
make[1]: Entering directory '/home/alice/CLionProjects/IrrationalBackend/Build/CMakeFiles/CMakeTmp'
Building C object CMakeFiles/cmTC_19e48.dir/CheckFunctionExists.c.o
/usr/bin/cc   -DCHECK_FUNCTION_EXISTS=pthread_create   -o CMakeFiles/cmTC_19e48.dir/CheckFunctionExists.c.o   -c /usr/share/cmake-3.13/Modules/CheckFunctionExists.c
Linking C executable cmTC_19e48
/usr/bin/cmake -E cmake_link_script CMakeFiles/cmTC_19e48.dir/link.txt --verbose=1
/usr/bin/cc  -DCHECK_FUNCTION_EXISTS=pthread_create    CMakeFiles/cmTC_19e48.dir/CheckFunctionExists.c.o  -o cmTC_19e48 -lpthreads 
/usr/bin/ld: cannot find -lpthreads
collect2: error: ld returned 1 exit status
make[1]: *** [CMakeFiles/cmTC_19e48.dir/build.make:87: cmTC_19e48] Error 1
make[1]: Leaving directory '/home/alice/CLionProjects/IrrationalBackend/Build/CMakeFiles/CMakeTmp'
make: *** [Makefile:121: cmTC_19e48/fast] Error 2


