This file contains any messages produced by compilers while
running configure, to aid debugging if configure makes a mistake.

It was created by RtAudio configure 5.1.0, which was
generated by GNU Autoconf 2.69.  Invocation command line was

  $ ./configure --enable-maintainer-mode --enable-debug --disable-silent-rules --with-alsa --with-pulse --with-jack

## --------- ##
## Platform. ##
## --------- ##

hostname = alice-XPS-15-9570
uname -m = x86_64
uname -r = 5.3.0-29-generic
uname -s = Linux
uname -v = #31-Ubuntu SMP Fri Jan 17 17:27:26 UTC 2020

/usr/bin/uname -p = x86_64
/bin/uname -X     = unknown

/bin/arch              = x86_64
/usr/bin/arch -k       = unknown
/usr/convex/getsysinfo = unknown
/usr/bin/hostinfo      = unknown
/bin/machine           = unknown
/usr/bin/oslevel       = unknown
/bin/universe          = unknown

PATH: /usr/local/sbin
PATH: /usr/local/bin
PATH: /usr/sbin
PATH: /usr/bin
PATH: /sbin
PATH: /bin
PATH: /usr/games
PATH: /usr/local/games
PATH: /snap/bin


## ----------- ##
## Core tests. ##
## ----------- ##

configure:2486: checking for a BSD-compatible install
configure:2554: result: /usr/bin/install -c
configure:2565: checking whether build environment is sane
configure:2620: result: yes
configure:2769: checking for a thread-safe mkdir -p
configure:2808: result: /usr/bin/mkdir -p
configure:2815: checking for gawk
configure:2845: result: no
configure:2815: checking for mawk
configure:2831: found /usr/bin/mawk
configure:2842: result: mawk
configure:2853: checking whether make sets $(MAKE)
configure:2875: result: yes
configure:2904: checking whether make supports nested variables
configure:2921: result: yes
configure:3135: checking that version numbers are coherent
configure:3149: result: yes
configure:3155: checking whether to enable maintainer-specific portions of Makefiles
configure:3164: result: yes
configure:3188: checking whether make supports nested variables
configure:3205: result: yes
configure:3290: checking for g++
configure:3306: found /usr/bin/g++
configure:3317: result: g++
configure:3344: checking for C++ compiler version
configure:3353: g++ --version >&5
g++ (Ubuntu 9.2.1-9ubuntu2) 9.2.1 20191008
Copyright (C) 2019 Free Software Foundation, Inc.
This is free software; see the source for copying conditions.  There is NO
warranty; not even for MERCHANTABILITY or FITNESS FOR A PARTICULAR PURPOSE.

configure:3364: $? = 0
configure:3353: g++ -v >&5
Using built-in specs.
COLLECT_GCC=g++
COLLECT_LTO_WRAPPER=/usr/lib/gcc/x86_64-linux-gnu/9/lto-wrapper
OFFLOAD_TARGET_NAMES=nvptx-none:hsa
OFFLOAD_TARGET_DEFAULT=1
Target: x86_64-linux-gnu
Configured with: ../src/configure -v --with-pkgversion='Ubuntu 9.2.1-9ubuntu2' --with-bugurl=file:///usr/share/doc/gcc-9/README.Bugs --enable-languages=c,ada,c++,go,brig,d,fortran,objc,obj-c++,gm2 --prefix=/usr --with-gcc-major-version-only --program-suffix=-9 --program-prefix=x86_64-linux-gnu- --enable-shared --enable-linker-build-id --libexecdir=/usr/lib --without-included-gettext --enable-threads=posix --libdir=/usr/lib --enable-nls --enable-bootstrap --enable-clocale=gnu --enable-libstdcxx-debug --enable-libstdcxx-time=yes --with-default-libstdcxx-abi=new --enable-gnu-unique-object --disable-vtable-verify --enable-plugin --enable-default-pie --with-system-zlib --with-target-system-zlib=auto --enable-multiarch --disable-werror --with-arch-32=i686 --with-abi=m64 --with-multilib-list=m32,m64,mx32 --enable-multilib --with-tune=generic --enable-offload-targets=nvptx-none,hsa --without-cuda-driver --enable-checking=release --build=x86_64-linux-gnu --host=x86_64-linux-gnu --target=x86_64-linux-gnu
Thread model: posix
gcc version 9.2.1 20191008 (Ubuntu 9.2.1-9ubuntu2) 
configure:3364: $? = 0
configure:3353: g++ -V >&5
g++: error: unrecognized command line option '-V'
g++: fatal error: no input files
compilation terminated.
configure:3364: $? = 1
configure:3353: g++ -qversion >&5
g++: error: unrecognized command line option '-qversion'; did you mean '--version'?
g++: fatal error: no input files
compilation terminated.
configure:3364: $? = 1
configure:3384: checking whether the C++ compiler works
configure:3406: g++    conftest.cpp  >&5
configure:3410: $? = 0
configure:3458: result: yes
configure:3461: checking for C++ compiler default output file name
configure:3463: result: a.out
configure:3469: checking for suffix of executables
configure:3476: g++ -o conftest    conftest.cpp  >&5
configure:3480: $? = 0
configure:3502: result: 
configure:3524: checking whether we are cross compiling
configure:3532: g++ -o conftest    conftest.cpp  >&5
configure:3536: $? = 0
configure:3543: ./conftest
configure:3547: $? = 0
configure:3535: result: no
configure:3540: checking for suffix of object files
configure:3562: g++ -c   conftest.cpp >&5
configure:3566: $? = 0
configure:3587: result: o
configure:3591: checking whether we are using the GNU C++ compiler
configure:3610: g++ -c   conftest.cpp >&5
configure:3610: $? = 0
configure:3619: result: yes
configure:3628: checking whether g++ accepts -g
configure:3648: g++ -c -g  conftest.cpp >&5
configure:3648: $? = 0
configure:3689: result: yes
configure:3715: checking whether make supports the include directive
configure:3730: make -f confmf.GNU && cat confinc.out
this is the am__doit target
configure:3733: $? = 0
configure:3752: result: yes (GNU style)
configure:3777: checking dependency style of g++
configure:3888: result: gcc3
configure:3951: checking for gcc
configure:3967: found /usr/bin/gcc
configure:3978: result: gcc
configure:4207: checking for C compiler version
configure:4216: gcc --version >&5
gcc (Ubuntu 9.2.1-9ubuntu2) 9.2.1 20191008
Copyright (C) 2019 Free Software Foundation, Inc.
This is free software; see the source for copying conditions.  There is NO
warranty; not even for MERCHANTABILITY or FITNESS FOR A PARTICULAR PURPOSE.

configure:4227: $? = 0
configure:4216: gcc -v >&5
Using built-in specs.
COLLECT_GCC=gcc
COLLECT_LTO_WRAPPER=/usr/lib/gcc/x86_64-linux-gnu/9/lto-wrapper
OFFLOAD_TARGET_NAMES=nvptx-none:hsa
OFFLOAD_TARGET_DEFAULT=1
Target: x86_64-linux-gnu
Configured with: ../src/configure -v --with-pkgversion='Ubuntu 9.2.1-9ubuntu2' --with-bugurl=file:///usr/share/doc/gcc-9/README.Bugs --enable-languages=c,ada,c++,go,brig,d,fortran,objc,obj-c++,gm2 --prefix=/usr --with-gcc-major-version-only --program-suffix=-9 --program-prefix=x86_64-linux-gnu- --enable-shared --enable-linker-build-id --libexecdir=/usr/lib --without-included-gettext --enable-threads=posix --libdir=/usr/lib --enable-nls --enable-bootstrap --enable-clocale=gnu --enable-libstdcxx-debug --enable-libstdcxx-time=yes --with-default-libstdcxx-abi=new --enable-gnu-unique-object --disable-vtable-verify --enable-plugin --enable-default-pie --with-system-zlib --with-target-system-zlib=auto --enable-multiarch --disable-werror --with-arch-32=i686 --with-abi=m64 --with-multilib-list=m32,m64,mx32 --enable-multilib --with-tune=generic --enable-offload-targets=nvptx-none,hsa --without-cuda-driver --enable-checking=release --build=x86_64-linux-gnu --host=x86_64-linux-gnu --target=x86_64-linux-gnu
Thread model: posix
gcc version 9.2.1 20191008 (Ubuntu 9.2.1-9ubuntu2) 
configure:4227: $? = 0
configure:4216: gcc -V >&5
gcc: error: unrecognized command line option '-V'
gcc: fatal error: no input files
compilation terminated.
configure:4227: $? = 1
configure:4216: gcc -qversion >&5
gcc: error: unrecognized command line option '-qversion'; did you mean '--version'?
gcc: fatal error: no input files
compilation terminated.
configure:4227: $? = 1
configure:4231: checking whether we are using the GNU C compiler
configure:4250: gcc -c   conftest.c >&5
configure:4250: $? = 0
configure:4259: result: yes
configure:4268: checking whether gcc accepts -g
configure:4288: gcc -c -g  conftest.c >&5
configure:4288: $? = 0
configure:4329: result: yes
configure:4346: checking for gcc option to accept ISO C89
configure:4409: gcc  -c -g -O2  conftest.c >&5
configure:4409: $? = 0
configure:4422: result: none needed
configure:4447: checking whether gcc understands -c and -o together
configure:4469: gcc -c conftest.c -o conftest2.o
configure:4472: $? = 0
configure:4469: gcc -c conftest.c -o conftest2.o
configure:4472: $? = 0
configure:4484: result: yes
configure:4503: checking dependency style of gcc
configure:4614: result: gcc3
configure:4679: checking for ar
configure:4695: found /usr/bin/ar
configure:4706: result: ar
configure:4732: checking the archiver (ar) interface
configure:4748: gcc -c -g -O2  conftest.c >&5
configure:4748: $? = 0
configure:4750: ar cru libconftest.a conftest.o >&5
ar: `u' modifier ignored since `D' is the default (see `U')
configure:4753: $? = 0
configure:4752: result: ar
configure:4774: checking for ar
configure:4792: found /usr/bin/ar
configure:4805: result: /usr/bin/ar
configure:4849: checking build system type
configure:4863: result: x86_64-pc-linux-gnu
configure:4883: checking host system type
configure:4896: result: x86_64-pc-linux-gnu
configure:4937: checking how to print strings
configure:4964: result: printf
configure:4985: checking for a sed that does not truncate output
configure:5049: result: /usr/bin/sed
configure:5067: checking for grep that handles long lines and -e
configure:5125: result: /usr/bin/grep
configure:5130: checking for egrep
configure:5192: result: /usr/bin/grep -E
configure:5197: checking for fgrep
configure:5259: result: /usr/bin/grep -F
configure:5294: checking for ld used by gcc
configure:5361: result: /usr/bin/ld
configure:5368: checking if the linker (/usr/bin/ld) is GNU ld
configure:5383: result: yes
configure:5395: checking for BSD- or MS-compatible name lister (nm)
configure:5449: result: /usr/bin/nm -B
configure:5579: checking the name lister (/usr/bin/nm -B) interface
configure:5586: gcc -c -g -O2  conftest.c >&5
configure:5589: /usr/bin/nm -B "conftest.o"
configure:5592: output
0000000000000000 B some_variable
configure:5593: result: BSD nm
configure:5596: checking whether ln -s works
configure:5600: result: yes
configure:5608: checking the maximum length of command line arguments
configure:5739: result: 1572864
configure:5787: checking how to convert x86_64-pc-linux-gnu file names to x86_64-pc-linux-gnu format
configure:5827: result: func_convert_file_noop
configure:5834: checking how to convert x86_64-pc-linux-gnu file names to toolchain format
configure:5854: result: func_convert_file_noop
configure:5861: checking for /usr/bin/ld option to reload object files
configure:5868: result: -r
configure:5942: checking for objdump
configure:5958: found /usr/bin/objdump
configure:5969: result: objdump
configure:5998: checking how to recognize dependent libraries
configure:6198: result: pass_all
configure:6283: checking for dlltool
configure:6313: result: no
configure:6340: checking how to associate runtime and link libraries
configure:6367: result: printf %s\n
configure:6491: checking for archiver @FILE support
configure:6508: gcc -c -g -O2  conftest.c >&5
configure:6508: $? = 0
configure:6511: /usr/bin/ar cru libconftest.a @conftest.lst >&5
/usr/bin/ar: `u' modifier ignored since `D' is the default (see `U')
configure:6514: $? = 0
configure:6519: /usr/bin/ar cru libconftest.a @conftest.lst >&5
/usr/bin/ar: `u' modifier ignored since `D' is the default (see `U')
/usr/bin/ar: conftest.o: No such file or directory
configure:6522: $? = 1
configure:6521: result: @
configure:6579: checking for strip
configure:6595: found /usr/bin/strip
configure:6606: result: strip
configure:6678: checking for ranlib
configure:6694: found /usr/bin/ranlib
configure:6705: result: ranlib
configure:6807: checking command to parse /usr/bin/nm -B output from gcc object
configure:6960: gcc -c -g -O2  conftest.c >&5
configure:6963: $? = 0
configure:6967: /usr/bin/nm -B conftest.o | sed -n -e 's/^.*[	 ]\([ABCDGIRSTW][ABCDGIRSTW]*\)[	 ][	 ]*\([_A-Za-z][_A-Za-z0-9]*\)$/\1 \2 \2/p' | sed '/ __gnu_lto/d' > conftest.nm
configure:7033: gcc -o conftest -g -O2   conftest.c conftstm.o >&5
configure:7036: $? = 0
configure:7074: result: ok
configure:7121: checking for sysroot
configure:7151: result: no
configure:7158: checking for a working dd
configure:7196: result: /usr/bin/dd
configure:7200: checking how to truncate binary pipes
configure:7215: result: /usr/bin/dd bs=4096 count=1
configure:7351: gcc -c -g -O2  conftest.c >&5
configure:7354: $? = 0
configure:7544: checking for mt
configure:7560: found /usr/bin/mt
configure:7571: result: mt
configure:7594: checking if mt is a manifest tool
configure:7600: mt '-?'
configure:7608: result: no
configure:8285: checking how to run the C preprocessor
configure:8316: gcc -E  conftest.c
configure:8316: $? = 0
configure:8330: gcc -E  conftest.c
conftest.c:11:10: fatal error: ac_nonexistent.h: No such file or directory
   11 | #include <ac_nonexistent.h>
      |          ^~~~~~~~~~~~~~~~~~
compilation terminated.
configure:8330: $? = 1
configure: failed program was:
| /* confdefs.h */
| #define PACKAGE_NAME "RtAudio"
| #define PACKAGE_TARNAME "rtaudio"
| #define PACKAGE_VERSION "5.1.0"
| #define PACKAGE_STRING "RtAudio 5.1.0"
| #define PACKAGE_BUGREPORT "gary@music.mcgill.ca"
| #define PACKAGE_URL ""
| #define PACKAGE "rtaudio"
| #define VERSION "5.1.0"
| /* end confdefs.h.  */
| #include <ac_nonexistent.h>
configure:8355: result: gcc -E
configure:8375: gcc -E  conftest.c
configure:8375: $? = 0
configure:8389: gcc -E  conftest.c
conftest.c:11:10: fatal error: ac_nonexistent.h: No such file or directory
   11 | #include <ac_nonexistent.h>
      |          ^~~~~~~~~~~~~~~~~~
compilation terminated.
configure:8389: $? = 1
configure: failed program was:
| /* confdefs.h */
| #define PACKAGE_NAME "RtAudio"
| #define PACKAGE_TARNAME "rtaudio"
| #define PACKAGE_VERSION "5.1.0"
| #define PACKAGE_STRING "RtAudio 5.1.0"
| #define PACKAGE_BUGREPORT "gary@music.mcgill.ca"
| #define PACKAGE_URL ""
| #define PACKAGE "rtaudio"
| #define VERSION "5.1.0"
| /* end confdefs.h.  */
| #include <ac_nonexistent.h>
configure:8418: checking for ANSI C header files
configure:8438: gcc -c -g -O2  conftest.c >&5
configure:8438: $? = 0
configure:8511: gcc -o conftest -g -O2   conftest.c  >&5
configure:8511: $? = 0
configure:8511: ./conftest
configure:8511: $? = 0
configure:8522: result: yes
configure:8535: checking for sys/types.h
configure:8535: gcc -c -g -O2  conftest.c >&5
configure:8535: $? = 0
configure:8535: result: yes
configure:8535: checking for sys/stat.h
configure:8535: gcc -c -g -O2  conftest.c >&5
configure:8535: $? = 0
configure:8535: result: yes
configure:8535: checking for stdlib.h
configure:8535: gcc -c -g -O2  conftest.c >&5
configure:8535: $? = 0
configure:8535: result: yes
configure:8535: checking for string.h
configure:8535: gcc -c -g -O2  conftest.c >&5
configure:8535: $? = 0
configure:8535: result: yes
configure:8535: checking for memory.h
configure:8535: gcc -c -g -O2  conftest.c >&5
configure:8535: $? = 0
configure:8535: result: yes
configure:8535: checking for strings.h
configure:8535: gcc -c -g -O2  conftest.c >&5
configure:8535: $? = 0
configure:8535: result: yes
configure:8535: checking for inttypes.h
configure:8535: gcc -c -g -O2  conftest.c >&5
configure:8535: $? = 0
configure:8535: result: yes
configure:8535: checking for stdint.h
configure:8535: gcc -c -g -O2  conftest.c >&5
configure:8535: $? = 0
configure:8535: result: yes
configure:8535: checking for unistd.h
configure:8535: gcc -c -g -O2  conftest.c >&5
configure:8535: $? = 0
configure:8535: result: yes
configure:8549: checking for dlfcn.h
configure:8549: gcc -c -g -O2  conftest.c >&5
configure:8549: $? = 0
configure:8549: result: yes
configure:9114: checking for objdir
configure:9129: result: .libs
configure:9393: checking if gcc supports -fno-rtti -fno-exceptions
configure:9411: gcc -c -g -O2  -fno-rtti -fno-exceptions conftest.c >&5
cc1: warning: command line option '-fno-rtti' is valid for C++/D/ObjC++ but not for C
configure:9415: $? = 0
configure:9428: result: no
configure:9792: checking for gcc option to produce PIC
configure:9799: result: -fPIC -DPIC
configure:9807: checking if gcc PIC flag -fPIC -DPIC works
configure:9825: gcc -c -g -O2  -fPIC -DPIC -DPIC conftest.c >&5
configure:9829: $? = 0
configure:9842: result: yes
configure:9871: checking if gcc static flag -static works
configure:9899: result: yes
configure:9914: checking if gcc supports -c -o file.o
configure:9935: gcc -c -g -O2  -o out/conftest2.o conftest.c >&5
configure:9939: $? = 0
configure:9961: result: yes
configure:9969: checking if gcc supports -c -o file.o
configure:10016: result: yes
configure:10049: checking whether the gcc linker (/usr/bin/ld -m elf_x86_64) supports shared libraries
configure:11312: result: yes
configure:11349: checking whether -lc should be explicitly linked in
configure:11357: gcc -c -g -O2  conftest.c >&5
configure:11360: $? = 0
configure:11375: gcc -shared  -fPIC -DPIC conftest.o  -v -Wl,-soname -Wl,conftest -o conftest 2\>\&1 \| /usr/bin/grep  -lc  \>/dev/null 2\>\&1
configure:11378: $? = 0
configure:11392: result: no
configure:11552: checking dynamic linker characteristics
configure:12133: gcc -o conftest -g -O2   -Wl,-rpath -Wl,/foo conftest.c  >&5
configure:12133: $? = 0
configure:12382: result: GNU/Linux ld.so
configure:12504: checking how to hardcode library paths into programs
configure:12529: result: immediate
configure:13077: checking whether stripping libraries is possible
configure:13082: result: yes
configure:13117: checking if libtool supports shared libraries
configure:13119: result: yes
configure:13122: checking whether to build shared libraries
configure:13147: result: yes
configure:13150: checking whether to build static libraries
configure:13154: result: yes
configure:9953: checking how to run the C++ preprocessor
configure:9980: g++ -E  conftest.cpp
configure:9980: $? = 0
configure:9994: g++ -E  conftest.cpp
conftest.cpp:23:10: fatal error: ac_nonexistent.h: No such file or directory
   23 | #include <ac_nonexistent.h>
      |          ^~~~~~~~~~~~~~~~~~
compilation terminated.
configure:9994: $? = 1
configure: failed program was:
| /* confdefs.h */
| #define PACKAGE_NAME "RtAudio"
| #define PACKAGE_TARNAME "rtaudio"
| #define PACKAGE_VERSION "5.1.0"
| #define PACKAGE_STRING "RtAudio 5.1.0"
| #define PACKAGE_BUGREPORT "gary@music.mcgill.ca"
| #define PACKAGE_URL ""
| #define PACKAGE "rtaudio"
| #define VERSION "5.1.0"
| #define STDC_HEADERS 1
| #define HAVE_SYS_TYPES_H 1
| #define HAVE_SYS_STAT_H 1
| #define HAVE_STDLIB_H 1
| #define HAVE_STRING_H 1
| #define HAVE_MEMORY_H 1
| #define HAVE_STRINGS_H 1
| #define HAVE_INTTYPES_H 1
| #define HAVE_STDINT_H 1
| #define HAVE_UNISTD_H 1
| #define HAVE_DLFCN_H 1
| #define LT_OBJDIR ".libs/"
| /* end confdefs.h.  */
| #include <ac_nonexistent.h>
configure:10019: result: g++ -E
configure:10039: g++ -E  conftest.cpp
configure:10039: $? = 0
configure:10053: g++ -E  conftest.cpp
conftest.cpp:23:10: fatal error: ac_nonexistent.h: No such file or directory
   23 | #include <ac_nonexistent.h>
      |          ^~~~~~~~~~~~~~~~~~
compilation terminated.
configure:10053: $? = 1
configure: failed program was:
| /* confdefs.h */
| #define PACKAGE_NAME "RtAudio"
| #define PACKAGE_TARNAME "rtaudio"
| #define PACKAGE_VERSION "5.1.0"
| #define PACKAGE_STRING "RtAudio 5.1.0"
| #define PACKAGE_BUGREPORT "gary@music.mcgill.ca"
| #define PACKAGE_URL ""
| #define PACKAGE "rtaudio"
| #define VERSION "5.1.0"
| #define STDC_HEADERS 1
| #define HAVE_SYS_TYPES_H 1
| #define HAVE_SYS_STAT_H 1
| #define HAVE_STDLIB_H 1
| #define HAVE_STRING_H 1
| #define HAVE_MEMORY_H 1
| #define HAVE_STRINGS_H 1
| #define HAVE_INTTYPES_H 1
| #define HAVE_STDINT_H 1
| #define HAVE_UNISTD_H 1
| #define HAVE_DLFCN_H 1
| #define LT_OBJDIR ".libs/"
| /* end confdefs.h.  */
| #include <ac_nonexistent.h>
configure:10215: checking for ld used by g++
configure:10282: result: /usr/bin/ld -m elf_x86_64
configure:10289: checking if the linker (/usr/bin/ld -m elf_x86_64) is GNU ld
configure:10304: result: yes
configure:10359: checking whether the g++ linker (/usr/bin/ld -m elf_x86_64) supports shared libraries
configure:11432: result: yes
configure:11468: g++ -c -g -O2  conftest.cpp >&5
configure:11471: $? = 0
configure:11952: checking for g++ option to produce PIC
configure:11959: result: -fPIC -DPIC
configure:11967: checking if g++ PIC flag -fPIC -DPIC works
configure:11985: g++ -c -g -O2  -fPIC -DPIC -DPIC conftest.cpp >&5
configure:11989: $? = 0
configure:12002: result: yes
configure:12025: checking if g++ static flag -static works
configure:12053: result: yes
configure:12065: checking if g++ supports -c -o file.o
configure:12086: g++ -c -g -O2  -o out/conftest2.o conftest.cpp >&5
configure:12090: $? = 0
configure:12112: result: yes
configure:12117: checking if g++ supports -c -o file.o
configure:12164: result: yes
configure:12194: checking whether the g++ linker (/usr/bin/ld -m elf_x86_64) supports shared libraries
configure:12237: result: yes
configure:12378: checking dynamic linker characteristics
configure:13135: result: GNU/Linux ld.so
configure:13200: checking how to hardcode library paths into programs
configure:13225: result: immediate
configure:12120: checking for ANSI C header files
configure:12224: result: yes
configure:12235: checking sys/ioctl.h usability
configure:12235: gcc -c -g -O2  conftest.c >&5
configure:12235: $? = 0
configure:12235: result: yes
configure:12235: checking sys/ioctl.h presence
configure:12235: gcc -E  conftest.c
configure:12235: $? = 0
configure:12235: result: yes
configure:12235: checking for sys/ioctl.h
configure:12235: result: yes
configure:12235: checking for unistd.h
configure:12235: result: yes
configure:12265: checking whether to compile debug version
configure:12271: result: yes
configure:12308: checking for gettimeofday
configure:12308: gcc -o conftest -g -O2  -g -O0   conftest.c  >&5
configure:12308: $? = 0
configure:12308: result: yes
configure:12317: checking for doxygen
configure:12333: found /usr/bin/doxygen
configure:12344: result: doxygen 
configure:12485: checking for snd_pcm_open in -lasound
configure:12510: gcc -o conftest -g -O2  -g -O0   conftest.c -lasound   >&5
configure:12510: $? = 0
configure:12519: result: yes
configure:12544: checking for pa_simple_flush in -lpulse-simple
configure:12569: gcc -o conftest -g -O2  -g -O0   conftest.c -lpulse-simple  -lasound  >&5
configure:12569: $? = 0
configure:12578: result: yes
configure:12685: checking for jack_client_open in -ljack
configure:12710: gcc -o conftest -g -O2  -g -O0   conftest.c -ljack  -lpulse-simple -lasound  >&5
configure:12710: $? = 0
configure:12719: result: yes
configure:12875: checking for pthread
configure:12877: checking for pthread_create in -lpthread
configure:12902: gcc -o conftest -g -O2  -g -O0   conftest.c -lpthread  -ljack -lpulse-simple -lasound  >&5
configure:12902: $? = 0
configure:12911: result: yes
configure:12926: checking for audio API
configure:12938: result:  ALSA PulseAudio JACK
configure:13091: checking that generated files are newer than configure
configure:13097: result: done
configure:13136: creating ./config.status

## ---------------------- ##
## Running config.status. ##
## ---------------------- ##

This file was extended by RtAudio config.status 5.1.0, which was
generated by GNU Autoconf 2.69.  Invocation command line was

  CONFIG_FILES    = 
  CONFIG_HEADERS  = 
  CONFIG_LINKS    = 
  CONFIG_COMMANDS = 
  $ ./config.status 

on alice-XPS-15-9570

config.status:1106: creating rtaudio.pc
config.status:1106: creating Makefile
config.status:1106: creating tests/Makefile
config.status:1106: creating doc/Makefile
config.status:1106: creating doc/doxygen/Doxyfile
config.status:1309: executing depfiles commands
config.status:1386: cd .       && sed -e '/# am--include-marker/d' Makefile         | make -f - am--depfiles
make: Nothing to be done for 'am--depfiles'.
config.status:1391: $? = 0
config.status:1386: cd tests       && sed -e '/# am--include-marker/d' Makefile         | make -f - am--depfiles
make: Nothing to be done for 'am--depfiles'.
config.status:1391: $? = 0
config.status:1309: executing libtool commands

## ---------------- ##
## Cache variables. ##
## ---------------- ##

ac_cv_build=x86_64-pc-linux-gnu
ac_cv_c_compiler_gnu=yes
ac_cv_cxx_compiler_gnu=yes
ac_cv_env_CCC_set=
ac_cv_env_CCC_value=
ac_cv_env_CC_set=
ac_cv_env_CC_value=
ac_cv_env_CFLAGS_set=
ac_cv_env_CFLAGS_value=
ac_cv_env_CPPFLAGS_set=
ac_cv_env_CPPFLAGS_value=
ac_cv_env_CPP_set=
ac_cv_env_CPP_value=
ac_cv_env_CXXCPP_set=
ac_cv_env_CXXCPP_value=
ac_cv_env_CXXFLAGS_set=
ac_cv_env_CXXFLAGS_value=
ac_cv_env_CXX_set=
ac_cv_env_CXX_value=
ac_cv_env_LDFLAGS_set=
ac_cv_env_LDFLAGS_value=
ac_cv_env_LIBS_set=
ac_cv_env_LIBS_value=
ac_cv_env_LT_SYS_LIBRARY_PATH_set=
ac_cv_env_LT_SYS_LIBRARY_PATH_value=
ac_cv_env_build_alias_set=
ac_cv_env_build_alias_value=
ac_cv_env_host_alias_set=
ac_cv_env_host_alias_value=
ac_cv_env_target_alias_set=
ac_cv_env_target_alias_value=
ac_cv_func_gettimeofday=yes
ac_cv_header_dlfcn_h=yes
ac_cv_header_inttypes_h=yes
ac_cv_header_memory_h=yes
ac_cv_header_stdc=yes
ac_cv_header_stdint_h=yes
ac_cv_header_stdlib_h=yes
ac_cv_header_string_h=yes
ac_cv_header_strings_h=yes
ac_cv_header_sys_ioctl_h=yes
ac_cv_header_sys_stat_h=yes
ac_cv_header_sys_types_h=yes
ac_cv_header_unistd_h=yes
ac_cv_host=x86_64-pc-linux-gnu
ac_cv_lib_asound_snd_pcm_open=yes
ac_cv_lib_jack_jack_client_open=yes
ac_cv_lib_pthread_pthread_create=yes
ac_cv_lib_pulse_simple_pa_simple_flush=yes
ac_cv_objext=o
ac_cv_path_AR=/usr/bin/ar
ac_cv_path_EGREP='/usr/bin/grep -E'
ac_cv_path_FGREP='/usr/bin/grep -F'
ac_cv_path_GREP=/usr/bin/grep
ac_cv_path_SED=/usr/bin/sed
ac_cv_path_install='/usr/bin/install -c'
ac_cv_path_lt_DD=/usr/bin/dd
ac_cv_path_mkdir=/usr/bin/mkdir
ac_cv_prog_AWK=mawk
ac_cv_prog_CPP='gcc -E'
ac_cv_prog_CXXCPP='g++ -E'
ac_cv_prog_DOXYGEN='doxygen '
ac_cv_prog_ac_ct_AR=ar
ac_cv_prog_ac_ct_CC=gcc
ac_cv_prog_ac_ct_CXX=g++
ac_cv_prog_ac_ct_MANIFEST_TOOL=mt
ac_cv_prog_ac_ct_OBJDUMP=objdump
ac_cv_prog_ac_ct_RANLIB=ranlib
ac_cv_prog_ac_ct_STRIP=strip
ac_cv_prog_cc_c89=
ac_cv_prog_cc_g=yes
ac_cv_prog_cxx_g=yes
ac_cv_prog_make_make_set=yes
am_cv_CC_dependencies_compiler_type=gcc3
am_cv_CXX_dependencies_compiler_type=gcc3
am_cv_ar_interface=ar
am_cv_make_support_nested_variables=yes
am_cv_prog_cc_c_o=yes
lt_cv_ar_at_file=@
lt_cv_archive_cmds_need_lc=no
lt_cv_deplibs_check_method=pass_all
lt_cv_file_magic_cmd='$MAGIC_CMD'
lt_cv_file_magic_test_file=
lt_cv_ld_reload_flag=-r
lt_cv_nm_interface='BSD nm'
lt_cv_objdir=.libs
lt_cv_path_LD=/usr/bin/ld
lt_cv_path_LDCXX='/usr/bin/ld -m elf_x86_64'
lt_cv_path_NM='/usr/bin/nm -B'
lt_cv_path_mainfest_tool=no
lt_cv_prog_compiler_c_o=yes
lt_cv_prog_compiler_c_o_CXX=yes
lt_cv_prog_compiler_pic='-fPIC -DPIC'
lt_cv_prog_compiler_pic_CXX='-fPIC -DPIC'
lt_cv_prog_compiler_pic_works=yes
lt_cv_prog_compiler_pic_works_CXX=yes
lt_cv_prog_compiler_rtti_exceptions=no
lt_cv_prog_compiler_static_works=yes
lt_cv_prog_compiler_static_works_CXX=yes
lt_cv_prog_gnu_ld=yes
lt_cv_prog_gnu_ldcxx=yes
lt_cv_sharedlib_from_linklib_cmd='printf %s\n'
lt_cv_shlibpath_overrides_runpath=yes
lt_cv_sys_global_symbol_pipe='sed -n -e '\''s/^.*[	 ]\([ABCDGIRSTW][ABCDGIRSTW]*\)[	 ][	 ]*\([_A-Za-z][_A-Za-z0-9]*\)$/\1 \2 \2/p'\'' | sed '\''/ __gnu_lto/d'\'''
lt_cv_sys_global_symbol_to_c_name_address='sed -n -e '\''s/^: \(.*\) .*$/  {"\1", (void *) 0},/p'\'' -e '\''s/^[ABCDGIRSTW][ABCDGIRSTW]* .* \(.*\)$/  {"\1", (void *) \&\1},/p'\'''
lt_cv_sys_global_symbol_to_c_name_address_lib_prefix='sed -n -e '\''s/^: \(.*\) .*$/  {"\1", (void *) 0},/p'\'' -e '\''s/^[ABCDGIRSTW][ABCDGIRSTW]* .* \(lib.*\)$/  {"\1", (void *) \&\1},/p'\'' -e '\''s/^[ABCDGIRSTW][ABCDGIRSTW]* .* \(.*\)$/  {"lib\1", (void *) \&\1},/p'\'''
lt_cv_sys_global_symbol_to_cdecl='sed -n -e '\''s/^T .* \(.*\)$/extern int \1();/p'\'' -e '\''s/^[ABCDGIRSTW][ABCDGIRSTW]* .* \(.*\)$/extern char \1;/p'\'''
lt_cv_sys_global_symbol_to_import=
lt_cv_sys_max_cmd_len=1572864
lt_cv_to_host_file_cmd=func_convert_file_noop
lt_cv_to_tool_file_cmd=func_convert_file_noop
lt_cv_truncate_bin='/usr/bin/dd bs=4096 count=1'

## ----------------- ##
## Output variables. ##
## ----------------- ##

ACLOCAL='${SHELL} /home/alice/Libs/rtaudio-master/config/missing aclocal-1.16'
AMDEPBACKSLASH='\'
AMDEP_FALSE='#'
AMDEP_TRUE=''
AMTAR='$${TAR-tar}'
AM_BACKSLASH='\'
AM_DEFAULT_V='$(AM_DEFAULT_VERBOSITY)'
AM_DEFAULT_VERBOSITY='1'
AM_V='$(V)'
AR='/usr/bin/ar'
AS='as'
ASIO_FALSE=''
ASIO_TRUE='#'
AUTOCONF='${SHELL} /home/alice/Libs/rtaudio-master/config/missing autoconf'
AUTOHEADER='${SHELL} /home/alice/Libs/rtaudio-master/config/missing autoheader'
AUTOMAKE='${SHELL} /home/alice/Libs/rtaudio-master/config/missing automake-1.16'
AWK='mawk'
CC='gcc'
CCDEPMODE='depmode=gcc3'
CFLAGS='-g -O2  -g -O0'
CPP='gcc -E'
CPPFLAGS='  -D__LINUX_ALSA__ -D__LINUX_PULSE__ -D__UNIX_JACK__'
CXX='g++'
CXXCPP='g++ -E'
CXXDEPMODE='depmode=gcc3'
CXXFLAGS='-Werror -Wno-error=unused-function -Wall -Wextra -g -O2  -g -O0'
CYGPATH_W='echo'
DEFS='-DPACKAGE_NAME=\"RtAudio\" -DPACKAGE_TARNAME=\"rtaudio\" -DPACKAGE_VERSION=\"5.1.0\" -DPACKAGE_STRING=\"RtAudio\ 5.1.0\" -DPACKAGE_BUGREPORT=\"gary@music.mcgill.ca\" -DPACKAGE_URL=\"\" -DPACKAGE=\"rtaudio\" -DVERSION=\"5.1.0\" -DSTDC_HEADERS=1 -DHAVE_SYS_TYPES_H=1 -DHAVE_SYS_STAT_H=1 -DHAVE_STDLIB_H=1 -DHAVE_STRING_H=1 -DHAVE_MEMORY_H=1 -DHAVE_STRINGS_H=1 -DHAVE_INTTYPES_H=1 -DHAVE_STDINT_H=1 -DHAVE_UNISTD_H=1 -DHAVE_DLFCN_H=1 -DLT_OBJDIR=\".libs/\" -DSTDC_HEADERS=1 -DHAVE_SYS_IOCTL_H=1 -DHAVE_UNISTD_H=1 -D__RTAUDIO_DEBUG__=1 -DHAVE_LIBPTHREAD=1'
DEPDIR='.deps'
DLLTOOL='false'
DOXYGEN='doxygen '
DSYMUTIL=''
DUMPBIN=''
ECHO_C=''
ECHO_N='-n'
ECHO_T=''
EGREP='/usr/bin/grep -E'
EXEEXT=''
FGREP='/usr/bin/grep -F'
GREP='/usr/bin/grep'
INSTALL_DATA='${INSTALL} -m 644'
INSTALL_PROGRAM='${INSTALL}'
INSTALL_SCRIPT='${INSTALL}'
INSTALL_STRIP_PROGRAM='$(install_sh) -c -s'
LD='/usr/bin/ld -m elf_x86_64'
LDFLAGS=''
LIBOBJS=''
LIBS='-lpthread -ljack -lpulse-simple -lasound '
LIBTOOL='$(SHELL) $(top_builddir)/libtool'
LIPO=''
LN_S='ln -s'
LTLIBOBJS=''
LT_SYS_LIBRARY_PATH=''
MAINT=''
MAINTAINER_MODE_FALSE='#'
MAINTAINER_MODE_TRUE=''
MAKEINFO='${SHELL} /home/alice/Libs/rtaudio-master/config/missing makeinfo'
MAKE_DOC_FALSE='#'
MAKE_DOC_TRUE=''
MANIFEST_TOOL=':'
MKDIR_P='/usr/bin/mkdir -p'
NM='/usr/bin/nm -B'
NMEDIT=''
OBJDUMP='objdump'
OBJEXT='o'
OTOOL64=''
OTOOL=''
PACKAGE='rtaudio'
PACKAGE_BUGREPORT='gary@music.mcgill.ca'
PACKAGE_NAME='RtAudio'
PACKAGE_STRING='RtAudio 5.1.0'
PACKAGE_TARNAME='rtaudio'
PACKAGE_URL=''
PACKAGE_VERSION='5.1.0'
PATH_SEPARATOR=':'
RANLIB='ranlib'
SED='/usr/bin/sed'
SET_MAKE=''
SHELL='/bin/bash'
SO_VERSION='6:1:0'
STRIP='strip'
VERSION='5.1.0'
ac_ct_AR='ar'
ac_ct_CC='gcc'
ac_ct_CXX='g++'
ac_ct_DUMPBIN=''
am__EXEEXT_FALSE=''
am__EXEEXT_TRUE='#'
am__fastdepCC_FALSE='#'
am__fastdepCC_TRUE=''
am__fastdepCXX_FALSE='#'
am__fastdepCXX_TRUE=''
am__include='include'
am__isrc=''
am__leading_dot='.'
am__nodep='_no'
am__quote=''
am__tar='$${TAR-tar} chof - "$$tardir"'
am__untar='$${TAR-tar} xf -'
api=' -D__LINUX_ALSA__ -D__LINUX_PULSE__ -D__UNIX_JACK__'
bindir='${exec_prefix}/bin'
build='x86_64-pc-linux-gnu'
build_alias=''
build_cpu='x86_64'
build_os='linux-gnu'
build_vendor='pc'
datadir='${datarootdir}'
datarootdir='${prefix}/share'
docdir='${datarootdir}/doc/${PACKAGE_TARNAME}'
dvidir='${docdir}'
exec_prefix='${prefix}'
host='x86_64-pc-linux-gnu'
host_alias=''
host_cpu='x86_64'
host_os='linux-gnu'
host_vendor='pc'
htmldir='${docdir}'
includedir='${prefix}/include'
infodir='${datarootdir}/info'
install_sh='${SHELL} /home/alice/Libs/rtaudio-master/config/install-sh'
libdir='${exec_prefix}/lib'
libexecdir='${exec_prefix}/libexec'
localedir='${datarootdir}/locale'
localstatedir='${prefix}/var'
mandir='${datarootdir}/man'
mkdir_p='$(MKDIR_P)'
oldincludedir='/usr/include'
pdfdir='${docdir}'
prefix='/usr/local'
program_transform_name='s,x,x,'
psdir='${docdir}'
req=' alsa libpulse-simple jack'
runstatedir='${localstatedir}/run'
sbindir='${exec_prefix}/sbin'
sharedstatedir='${prefix}/com'
sysconfdir='${prefix}/etc'
target_alias=''
visibility=''

## ----------- ##
## confdefs.h. ##
## ----------- ##

/* confdefs.h */
#define PACKAGE_NAME "RtAudio"
#define PACKAGE_TARNAME "rtaudio"
#define PACKAGE_VERSION "5.1.0"
#define PACKAGE_STRING "RtAudio 5.1.0"
#define PACKAGE_BUGREPORT "gary@music.mcgill.ca"
#define PACKAGE_URL ""
#define PACKAGE "rtaudio"
#define VERSION "5.1.0"
#define STDC_HEADERS 1
#define HAVE_SYS_TYPES_H 1
#define HAVE_SYS_STAT_H 1
#define HAVE_STDLIB_H 1
#define HAVE_STRING_H 1
#define HAVE_MEMORY_H 1
#define HAVE_STRINGS_H 1
#define HAVE_INTTYPES_H 1
#define HAVE_STDINT_H 1
#define HAVE_UNISTD_H 1
#define HAVE_DLFCN_H 1
#define LT_OBJDIR ".libs/"
#define STDC_HEADERS 1
#define HAVE_SYS_IOCTL_H 1
#define HAVE_UNISTD_H 1
#define __RTAUDIO_DEBUG__ 1
#define HAVE_LIBPTHREAD 1

configure: exit 0
